[LOG] System::create                           : Header version = 2.02.19. Current version = 2.02.19.
[LOG] Manager::init                            : maxchannels = 256 studioflags = 00000006 flags 00000000 extradriverdata 0000000000000000.
[LOG] SystemI::init                            : Initialize version=20219 (137979), maxchannels=256, flags=0x00020000
[LOG] SystemI::setOutputInternal               : Setting output to 'FMOD WASAPI Output'
[LOG] OutputWASAPI::init                       : Mix Format (WAVEFORMATEX): wFormatTag=0xFFFE, nChannels=2, nSamplesPerSec=48000, nAvgBytesPerSec=384000, nBlockAlign=8, wBitsPerSample=32, cbSize=22.
[LOG] OutputWASAPI::init                       : Mix Format (WAVEFORMATEXTENSIBLE): wValidBitsPerSample=32, dwChannelMask=0x00000003, SubFormat=00000003-0000-0010-8000-00AA00389B71.
[LOG] OutputWASAPI::init                       : Output buffer size: 4096 samples, latency: 0.00ms, period: 10.00ms, DSP buffer: 1024 * 4
[LOG] Thread::initThread                       : Init FMOD stream thread. Affinity: 0x4000000000000003, Priority: 0xFFFF7FFB, Stack Size: 98304, Semaphore: No, Sleep Time: 10, Looping: Yes.
[LOG] Thread::initThread                       : Init FMOD mixer thread. Affinity: 0x4000000000000001, Priority: 0xFFFF7FFA, Stack Size: 81920, Semaphore: No, Sleep Time: 0, Looping: Yes.
[LOG] AsyncManager::init                       : manager 0000011F0D0EE2C8 isAsync 0 updatePeriod 0.02
[LOG] AsyncManager::init                       : done
[LOG] PlaybackSystem::init                     : 
[LOG] Thread::initThread                       : Init FMOD Studio sample load thread. Affinity: 0x4000000000000003, Priority: 0xFFFF7FFD, Stack Size: 98304, Semaphore: No, Sleep Time: 1, Looping: No.
[LOG] PlaybackSystem::init                     : done
[LOG] Thread::initThread                       : Init FMOD Studio bank load thread. Affinity: 0x4000000000000003, Priority: 0xFFFF7FFD, Stack Size: 98304, Semaphore: No, Sleep Time: 1, Looping: No.
[LOG] Manager::init                            : done.
[LOG] Manager::readBank                        : fileversion = 142, compatVersion = 140 (oldest = 44, newest = 142)
[LOG] Manager::readBank                        : fileversion = 142, compatVersion = 140 (oldest = 44, newest = 142)
[LOG] Manager::readBank                        : fileversion = 142, compatVersion = 140 (oldest = 44, newest = 142)
[LOG] PlaybackSystem::acquireMasterBus         : Setting master channel group format to 6
[LOG] SystemI::createSoundInternal             : Create name='', mode=0x02000202
[LOG] SystemI::createSoundInternal             : exinfo->cbsize             = 224
[LOG] SystemI::createSoundInternal             : exinfo->length             = 7405344
[LOG] SystemI::createSoundInternal             : exinfo->fileoffset         = 41440
[LOG] SystemI::createSoundInternal             : exinfo->numsubsounds       = 1
[LOG] SystemI::createSoundInternal             : exinfo->inclusionlist      = 000000018F0AF518
[LOG] SystemI::createSoundInternal             : exinfo->inclusionlistnum   = 1
[LOG] SystemI::createSoundInternal             : exinfo->suggestedsoundtype = 5
[LOG] SystemI::createSoundInternal             : exinfo->useropen           = 00007FFEC6603F70
[LOG] SystemI::createSoundInternal             : exinfo->userclose          = 00007FFEC6603F30
[LOG] SystemI::createSoundInternal             : exinfo->userread           = 00007FFEC6604050
[LOG] SystemI::createSoundInternal             : exinfo->userseek           = 00007FFEC6604110
[LOG] SystemI::createSoundInternal             : exinfo->fileuserdata       = 0000011F4EA21698
[LOG] SystemI::createSoundInternal             : exinfo->initialseekpostype = 1
[LOG] SystemI::DSPCodecPoolRegister            : register codec pool for pool type 5
[LOG] SystemI::createSoundInternal             : Sample 0/1: name='Cesped4', format=5, channels=2, frequency=48000, lengthbytes=4448, lengthpcm=12218, pcmblocksize=0, loopstart=0, loopend=0, mode=0x00000000, channelmask=0x00000000, channelorder=0, peakvolume=0.400351.
[LOG] SystemI::createSoundInternal             : Create name='', mode=0x02000202
[LOG] SystemI::createSoundInternal             : exinfo->cbsize             = 224
[LOG] SystemI::createSoundInternal             : exinfo->length             = 7405344
[LOG] SystemI::createSoundInternal             : exinfo->fileoffset         = 41440
[LOG] SystemI::createSoundInternal             : exinfo->numsubsounds       = 1
[LOG] SystemI::createSoundInternal             : exinfo->inclusionlist      = 000000018F0AF518
[LOG] SystemI::createSoundInternal             : exinfo->inclusionlistnum   = 1
[LOG] SystemI::createSoundInternal             : exinfo->suggestedsoundtype = 5
[LOG] SystemI::createSoundInternal             : exinfo->useropen           = 00007FFEC6603F70
[LOG] SystemI::createSoundInternal             : exinfo->userclose          = 00007FFEC6603F30
[LOG] SystemI::createSoundInternal             : exinfo->userread           = 00007FFEC6604050
[LOG] SystemI::createSoundInternal             : exinfo->userseek           = 00007FFEC6604110
[LOG] SystemI::createSoundInternal             : exinfo->fileuserdata       = 0000011F4EA21698
[LOG] SystemI::createSoundInternal             : exinfo->initialseekpostype = 1
[LOG] SystemI::DSPCodecPoolRegister            : register codec pool for pool type 5
[LOG] SystemI::createSoundInternal             : Sample 0/1: name='Cesped1', format=5, channels=2, frequency=48000, lengthbytes=6656, lengthpcm=21120, pcmblocksize=0, loopstart=0, loopend=0, mode=0x00000000, channelmask=0x00000000, channelorder=0, peakvolume=0.519556.
[LOG] SystemI::createSoundInternal             : Create name='', mode=0x02000202
[LOG] SystemI::createSoundInternal             : exinfo->cbsize             = 224
[LOG] SystemI::createSoundInternal             : exinfo->length             = 7405344
[LOG] SystemI::createSoundInternal             : exinfo->fileoffset         = 41440
[LOG] SystemI::createSoundInternal             : exinfo->numsubsounds       = 1
[LOG] SystemI::createSoundInternal             : exinfo->inclusionlist      = 000000018F0AF518
[LOG] SystemI::createSoundInternal             : exinfo->inclusionlistnum   = 1
[LOG] SystemI::createSoundInternal             : exinfo->suggestedsoundtype = 5
[LOG] SystemI::createSoundInternal             : exinfo->useropen           = 00007FFEC6603F70
[LOG] SystemI::createSoundInternal             : exinfo->userclose          = 00007FFEC6603F30
[LOG] SystemI::createSoundInternal             : exinfo->userread           = 00007FFEC6604050
[LOG] SystemI::createSoundInternal             : exinfo->userseek           = 00007FFEC6604110
[LOG] SystemI::createSoundInternal             : exinfo->fileuserdata       = 0000011F4EA21698
[LOG] SystemI::createSoundInternal             : exinfo->initialseekpostype = 1
[LOG] SystemI::DSPCodecPoolRegister            : register codec pool for pool type 5
[LOG] SystemI::createSoundInternal             : Sample 0/1: name='Cesped2', format=5, channels=2, frequency=48000, lengthbytes=7072, lengthpcm=19769, pcmblocksize=0, loopstart=0, loopend=0, mode=0x00000000, channelmask=0x00000000, channelorder=0, peakvolume=0.461171.
[LOG] SystemI::createSoundInternal             : Create name='', mode=0x02000202
[LOG] SystemI::createSoundInternal             : exinfo->cbsize             = 224
[LOG] SystemI::createSoundInternal             : exinfo->length             = 7405344
[LOG] SystemI::createSoundInternal             : exinfo->fileoffset         = 41440
[LOG] SystemI::createSoundInternal             : exinfo->numsubsounds       = 1
[LOG] SystemI::createSoundInternal             : exinfo->inclusionlist      = 000000018F0AF518
[LOG] SystemI::createSoundInternal             : exinfo->inclusionlistnum   = 1
[LOG] SystemI::createSoundInternal             : exinfo->suggestedsoundtype = 5
[LOG] SystemI::createSoundInternal             : exinfo->useropen           = 00007FFEC6603F70
[LOG] SystemI::createSoundInternal             : exinfo->userclose          = 00007FFEC6603F30
[LOG] SystemI::createSoundInternal             : exinfo->userread           = 00007FFEC6604050
[LOG] SystemI::createSoundInternal             : exinfo->userseek           = 00007FFEC6604110
[LOG] SystemI::createSoundInternal             : exinfo->fileuserdata       = 0000011F4EA21698
[LOG] SystemI::createSoundInternal             : exinfo->initialseekpostype = 1
[LOG] SystemI::DSPCodecPoolRegister            : register codec pool for pool type 5
[LOG] SystemI::createSoundInternal             : Sample 0/1: name='Cesped3', format=5, channels=2, frequency=48000, lengthbytes=4448, lengthpcm=12921, pcmblocksize=0, loopstart=0, loopend=0, mode=0x00000000, channelmask=0x00000000, channelorder=0, peakvolume=0.273805.
[WRN] EventInstance::update                    : Event {a817df3a-ef86-4fda-8a98-6b1a75463dd3} waited 100 milliseconds for sample data to load.  Preload sample data to avoid this delay.
[WRN] EventInstance::update                    : Event {a817df3a-ef86-4fda-8a98-6b1a75463dd3} waited 172 milliseconds for sample data to load.  Preload sample data to avoid this delay.
[LOG] SystemI::createSoundInternal             : Create name='', mode=0x02000202
[LOG] SystemI::createSoundInternal             : exinfo->cbsize             = 224
[LOG] SystemI::createSoundInternal             : exinfo->length             = 7405344
[LOG] SystemI::createSoundInternal             : exinfo->fileoffset         = 41440
[LOG] SystemI::createSoundInternal             : exinfo->numsubsounds       = 1
[LOG] SystemI::createSoundInternal             : exinfo->inclusionlist      = 000000018F0AF518
[LOG] SystemI::createSoundInternal             : exinfo->inclusionlistnum   = 1
[LOG] SystemI::createSoundInternal             : exinfo->suggestedsoundtype = 5
[LOG] SystemI::createSoundInternal             : exinfo->useropen           = 00007FFEC6603F70
[LOG] SystemI::createSoundInternal             : exinfo->userclose          = 00007FFEC6603F30
[LOG] SystemI::createSoundInternal             : exinfo->userread           = 00007FFEC6604050
[LOG] SystemI::createSoundInternal             : exinfo->userseek           = 00007FFEC6604110
[LOG] SystemI::createSoundInternal             : exinfo->fileuserdata       = 0000011F82BC1308
[LOG] SystemI::createSoundInternal             : exinfo->initialseekpostype = 1
[LOG] SystemI::DSPCodecPoolRegister            : register codec pool for pool type 5
[LOG] SystemI::createSoundInternal             : Sample 0/1: name='AtaqueEspada1', format=5, channels=2, frequency=48000, lengthbytes=3584, lengthpcm=14859, pcmblocksize=0, loopstart=0, loopend=0, mode=0x00000000, channelmask=0x00000000, channelorder=0, peakvolume=0.999969.
[LOG] SystemI::createSoundInternal             : Create name='', mode=0x02000202
[LOG] SystemI::createSoundInternal             : exinfo->cbsize             = 224
[LOG] SystemI::createSoundInternal             : exinfo->length             = 7405344
[LOG] SystemI::createSoundInternal             : exinfo->fileoffset         = 41440
[LOG] SystemI::createSoundInternal             : exinfo->numsubsounds       = 1
[LOG] SystemI::createSoundInternal             : exinfo->inclusionlist      = 000000018F0AF518
[LOG] SystemI::createSoundInternal             : exinfo->inclusionlistnum   = 1
[LOG] SystemI::createSoundInternal             : exinfo->suggestedsoundtype = 5
[LOG] SystemI::createSoundInternal             : exinfo->useropen           = 00007FFEC6603F70
[LOG] SystemI::createSoundInternal             : exinfo->userclose          = 00007FFEC6603F30
[LOG] SystemI::createSoundInternal             : exinfo->userread           = 00007FFEC6604050
[LOG] SystemI::createSoundInternal             : exinfo->userseek           = 00007FFEC6604110
[LOG] SystemI::createSoundInternal             : exinfo->fileuserdata       = 0000011DBF5FD608
[LOG] SystemI::createSoundInternal             : exinfo->initialseekpostype = 1
[LOG] SystemI::DSPCodecPoolRegister            : register codec pool for pool type 5
[LOG] SystemI::createSoundInternal             : Sample 0/1: name='ProyectilJugador', format=5, channels=2, frequency=48000, lengthbytes=3328, lengthpcm=15141, pcmblocksize=0, loopstart=0, loopend=0, mode=0x00000000, channelmask=0x00000000, channelorder=0, peakvolume=0.172943.
[LOG] SystemI::createSoundInternal             : Create name='', mode=0x02000202
[LOG] SystemI::createSoundInternal             : exinfo->cbsize             = 224
[LOG] SystemI::createSoundInternal             : exinfo->length             = 7405344
[LOG] SystemI::createSoundInternal             : exinfo->fileoffset         = 41440
[LOG] SystemI::createSoundInternal             : exinfo->numsubsounds       = 1
[LOG] SystemI::createSoundInternal             : exinfo->inclusionlist      = 000000018F0AF518
[LOG] SystemI::createSoundInternal             : exinfo->inclusionlistnum   = 1
[LOG] SystemI::createSoundInternal             : exinfo->suggestedsoundtype = 5
[LOG] SystemI::createSoundInternal             : exinfo->useropen           = 00007FFEC6603F70
[LOG] SystemI::createSoundInternal             : exinfo->userclose          = 00007FFEC6603F30
[LOG] SystemI::createSoundInternal             : exinfo->userread           = 00007FFEC6604050
[LOG] SystemI::createSoundInternal             : exinfo->userseek           = 00007FFEC6604110
[LOG] SystemI::createSoundInternal             : exinfo->fileuserdata       = 0000011F4E09C9F8
[LOG] SystemI::createSoundInternal             : exinfo->initialseekpostype = 1
[LOG] SystemI::DSPCodecPoolRegister            : register codec pool for pool type 5
[LOG] SystemI::createSoundInternal             : Sample 0/1: name='DesplazamientoJugador', format=5, channels=2, frequency=48000, lengthbytes=3328, lengthpcm=13118, pcmblocksize=0, loopstart=0, loopend=0, mode=0x00000000, channelmask=0x00000000, channelorder=0, peakvolume=0.080963.
[LOG] SystemI::createSoundInternal             : Create name='', mode=0x02000202
[LOG] SystemI::createSoundInternal             : exinfo->cbsize             = 224
[LOG] SystemI::createSoundInternal             : exinfo->length             = 7405344
[LOG] SystemI::createSoundInternal             : exinfo->fileoffset         = 41440
[LOG] SystemI::createSoundInternal             : exinfo->numsubsounds       = 1
[LOG] SystemI::createSoundInternal             : exinfo->inclusionlist      = 000000018F0AF518
[LOG] SystemI::createSoundInternal             : exinfo->inclusionlistnum   = 1
[LOG] SystemI::createSoundInternal             : exinfo->suggestedsoundtype = 5
[LOG] SystemI::createSoundInternal             : exinfo->useropen           = 00007FFEC6603F70
[LOG] SystemI::createSoundInternal             : exinfo->userclose          = 00007FFEC6603F30
[LOG] SystemI::createSoundInternal             : exinfo->userread           = 00007FFEC6604050
[LOG] SystemI::createSoundInternal             : exinfo->userseek           = 00007FFEC6604110
[LOG] SystemI::createSoundInternal             : exinfo->fileuserdata       = 0000011F82BC2BC8
[LOG] SystemI::createSoundInternal             : exinfo->initialseekpostype = 1
[LOG] SystemI::DSPCodecPoolRegister            : register codec pool for pool type 5
[LOG] SystemI::createSoundInternal             : Sample 0/1: name='AtaqueEspada2', format=5, channels=2, frequency=48000, lengthbytes=4000, lengthpcm=17770, pcmblocksize=0, loopstart=0, loopend=0, mode=0x00000000, channelmask=0x00000000, channelorder=0, peakvolume=0.988678.
[LOG] SoundI::release                          : Forest (0000011F1319CB48)
[LOG] SoundI::release                          :     Forest (0000011F004B0748)
[LOG] SoundI::release                          :     Forest (0000011F4E8CA898)
[LOG] SoundI::release                          :  (0000011F4EA83068)
[LOG] SoundI::release                          :     AtaqueEspada1 (0000011EFB8CA828)
[LOG] SoundI::release                          :  (0000011F4EA90C58)
[LOG] SoundI::release                          :     AtaqueEspada2 (0000011EFB8C7908)
[LOG] SoundI::release                          :  (0000011F4EA93608)
[LOG] SoundI::release                          :     DesplazamientoJugador (0000011F4EACB418)
[LOG] SoundI::release                          :  (0000011F4EA7B078)
[LOG] SoundI::release                          :     Cesped1 (0000011F4BD1FBD8)
[LOG] SoundI::release                          :  (0000011F4EA7AAB8)
[LOG] SoundI::release                          :     Cesped2 (0000011F4BD1F078)
[LOG] SoundI::release                          :  (0000011F4EA79C58)
[LOG] SoundI::release                          :     Cesped3 (0000011D7A618A68)
[LOG] SoundI::release                          :  (0000011F4EA79248)
[LOG] SoundI::release                          :     Cesped4 (0000011F4BD1F898)
[LOG] SoundI::release                          :  (0000011F4EA91D98)
[LOG] SoundI::release                          :     ProyectilJugador (0000011DC2E0F718)
[LOG] SoundI::release                          :  (0000011F4EA7A7D8)
[LOG] SoundI::release                          :     Fuego (0000011DC2E0F8B8)
[LOG] Thread::callback                         : FMOD Studio update thread finished.
[LOG] Thread::callback                         : FMOD Studio bank load thread finished.
[LOG] Profile::disconnectAll                   : Profiler disconnecting all clients
[LOG] Thread::callback                         : FMOD Studio sample load thread finished.
[LOG] LiveUpdate::release                      : 
[LOG] LiveUpdate::reset                        : Reset connection (reason Disconnected)
[LOG] Thread::callback                         : FMOD stream thread finished.
[LOG] Thread::callback                         : FMOD mixer thread finished.
[LOG] Profile::disconnectAll                   : Profiler disconnecting all clients
[LOG] SystemI::close                           : Closed.
[LOG] Thread::callback                         : FMOD Studio bank load thread finished.
[LOG] Thread::callback                         : FMOD Studio sample load thread finished.
[LOG] LiveUpdate::release                      : 
[LOG] LiveUpdate::reset                        : Reset connection (reason Disconnected)
[LOG] Thread::callback                         : FMOD stream thread finished.
[LOG] Thread::callback                         : FMOD mixer thread finished.
[LOG] SystemI::close                           : Closed.
[LOG] Thread::callback                         : FMOD nonblocking thread (0) finished.
[LOG] Thread::callback                         : FMOD file thread finished.
